<?xml version="1.0" encoding="UTF-8"?>
<coverage generated="1788955597809" clover="3.2.0">
  <project timestamp="1788955597809" name="All files">
    <metrics statements="8334" coveredstatements="7731" conditionals="3458" coveredconditionals="3016" methods="483" coveredmethods="477" elements="12275" coveredelements="11224" complexity="0" loc="8334" ncloc="8334" packages="8" files="47" classes="47"/>
    <package name="code-janitor-vscode">
      <metrics statements="52" coveredstatements="0" conditionals="1" coveredconditionals="0" methods="1" coveredmethods="0"/>
      <file name="esbuild.js" path="C:\Dev\code-janitor-vscode\esbuild.js">
        <metrics statements="52" coveredstatements="0" conditionals="1" coveredconditionals="0" methods="1" coveredmethods="0"/>
        <line num="1" count="0" type="cond" truecount="0" falsecount="1"/>
        <line num="2" count="0" type="stmt"/>
        <line num="3" count="0" type="stmt"/>
        <line num="4" count="0" type="stmt"/>
        <line num="5" count="0" type="stmt"/>
        <line num="6" count="0" type="stmt"/>
        <line num="7" count="0" type="stmt"/>
        <line num="8" count="0" type="stmt"/>
        <line num="9" count="0" type="stmt"/>
        <line num="10" count="0" type="stmt"/>
        <line num="11" count="0" type="stmt"/>
        <line num="12" count="0" type="stmt"/>
        <line num="13" count="0" type="stmt"/>
        <line num="14" count="0" type="stmt"/>
        <line num="15" count="0" type="stmt"/>
        <line num="16" count="0" type="stmt"/>
        <line num="17" count="0" type="stmt"/>
        <line num="18" count="0" type="stmt"/>
        <line num="19" count="0" type="stmt"/>
        <line num="20" count="0" type="stmt"/>
        <line num="21" count="0" type="stmt"/>
        <line num="22" count="0" type="stmt"/>
        <line num="23" count="0" type="stmt"/>
        <line num="24" count="0" type="stmt"/>
        <line num="25" count="0" type="stmt"/>
        <line num="26" count="0" type="stmt"/>
        <line num="27" count="0" type="stmt"/>
        <line num="28" count="0" type="stmt"/>
        <line num="29" count="0" type="stmt"/>
        <line num="30" count="0" type="stmt"/>
        <line num="31" count="0" type="stmt"/>
        <line num="32" count="0" type="stmt"/>
        <line num="33" count="0" type="stmt"/>
        <line num="34" count="0" type="stmt"/>
        <line num="35" count="0" type="stmt"/>
        <line num="36" count="0" type="stmt"/>
        <line num="37" count="0" type="stmt"/>
        <line num="38" count="0" type="stmt"/>
        <line num="39" count="0" type="stmt"/>
        <line num="40" count="0" type="stmt"/>
        <line num="41" count="0" type="stmt"/>
        <line num="42" count="0" type="stmt"/>
        <line num="43" count="0" type="stmt"/>
        <line num="44" count="0" type="stmt"/>
        <line num="45" count="0" type="stmt"/>
        <line num="46" count="0" type="stmt"/>
        <line num="47" count="0" type="stmt"/>
        <line num="48" count="0" type="stmt"/>
        <line num="49" count="0" type="stmt"/>
        <line num="50" count="0" type="stmt"/>
        <line num="51" count="0" type="stmt"/>
        <line num="52" count="0" type="stmt"/>
      </file>
    </package>
    <package name="code-janitor-vscode.scripts">
      <metrics statements="41" coveredstatements="0" conditionals="1" coveredconditionals="0" methods="1" coveredmethods="0"/>
      <file name="verify-bundle.js" path="C:\Dev\code-janitor-vscode\scripts\verify-bundle.js">
        <metrics statements="41" coveredstatements="0" conditionals="1" coveredconditionals="0" methods="1" coveredmethods="0"/>
        <line num="1" count="0" type="cond" truecount="0" falsecount="1"/>
        <line num="2" count="0" type="stmt"/>
        <line num="3" count="0" type="stmt"/>
        <line num="4" count="0" type="stmt"/>
        <line num="5" count="0" type="stmt"/>
        <line num="6" count="0" type="stmt"/>
        <line num="7" count="0" type="stmt"/>
        <line num="8" count="0" type="stmt"/>
        <line num="9" count="0" type="stmt"/>
        <line num="10" count="0" type="stmt"/>
        <line num="11" count="0" type="stmt"/>
        <line num="12" count="0" type="stmt"/>
        <line num="13" count="0" type="stmt"/>
        <line num="14" count="0" type="stmt"/>
        <line num="15" count="0" type="stmt"/>
        <line num="16" count="0" type="stmt"/>
        <line num="17" count="0" type="stmt"/>
        <line num="18" count="0" type="stmt"/>
        <line num="19" count="0" type="stmt"/>
        <line num="20" count="0" type="stmt"/>
        <line num="21" count="0" type="stmt"/>
        <line num="22" count="0" type="stmt"/>
        <line num="23" count="0" type="stmt"/>
        <line num="24" count="0" type="stmt"/>
        <line num="25" count="0" type="stmt"/>
        <line num="26" count="0" type="stmt"/>
        <line num="27" count="0" type="stmt"/>
        <line num="28" count="0" type="stmt"/>
        <line num="29" count="0" type="stmt"/>
        <line num="30" count="0" type="stmt"/>
        <line num="31" count="0" type="stmt"/>
        <line num="32" count="0" type="stmt"/>
        <line num="33" count="0" type="stmt"/>
        <line num="34" count="0" type="stmt"/>
        <line num="35" count="0" type="stmt"/>
        <line num="36" count="0" type="stmt"/>
        <line num="37" count="0" type="stmt"/>
        <line num="38" count="0" type="stmt"/>
        <line num="39" count="0" type="stmt"/>
        <line num="40" count="0" type="stmt"/>
        <line num="41" count="0" type="stmt"/>
      </file>
    </package>
    <package name="code-janitor-vscode.src">
      <metrics statements="47" coveredstatements="46" conditionals="11" coveredconditionals="8" methods="7" coveredmethods="6"/>
      <file name="extension.ts" path="C:\Dev\code-janitor-vscode\src\extension.ts">
        <metrics statements="27" coveredstatements="26" conditionals="2" coveredconditionals="2" methods="2" coveredmethods="1"/>
        <line num="1" count="1" type="stmt"/>
        <line num="2" count="1" type="stmt"/>
        <line num="3" count="1" type="stmt"/>
        <line num="4" count="1" type="stmt"/>
        <line num="5" count="1" type="stmt"/>
        <line num="6" count="1" type="stmt"/>
        <line num="7" count="1" type="stmt"/>
        <line num="8" count="1" type="stmt"/>
        <line num="9" count="1" type="stmt"/>
        <line num="10" count="1" type="stmt"/>
        <line num="12" count="1" type="cond" truecount="1" falsecount="0"/>
        <line num="13" count="5" type="stmt"/>
        <line num="15" count="5" type="stmt"/>
        <line num="16" count="5" type="cond" truecount="1" falsecount="0"/>
        <line num="17" count="5" type="stmt"/>
        <line num="19" count="5" type="stmt"/>
        <line num="20" count="5" type="stmt"/>
        <line num="21" count="5" type="stmt"/>
        <line num="22" count="5" type="stmt"/>
        <line num="23" count="5" type="stmt"/>
        <line num="24" count="5" type="stmt"/>
        <line num="25" count="5" type="stmt"/>
        <line num="26" count="5" type="stmt"/>
        <line num="28" count="5" type="stmt"/>
        <line num="29" count="5" type="stmt"/>
        <line num="31" count="1" type="stmt"/>
        <line num="33" count="0" type="stmt"/>
      </file>
      <file name="logging.ts" path="C:\Dev\code-janitor-vscode\src\logging.ts">
        <metrics statements="20" coveredstatements="20" conditionals="9" coveredconditionals="6" methods="5" coveredmethods="5"/>
        <line num="1" count="1" type="stmt"/>
        <line num="11" count="1" type="stmt"/>
        <line num="13" count="1" type="cond" truecount="1" falsecount="0"/>
        <line num="14" count="5" type="stmt"/>
        <line num="15" count="5" type="stmt"/>
        <line num="17" count="5" type="stmt"/>
        <line num="18" count="5" type="stmt"/>
        <line num="20" count="1" type="cond" truecount="1" falsecount="0"/>
        <line num="21" count="69" type="cond" truecount="1" falsecount="0"/>
        <line num="22" count="69" type="stmt"/>
        <line num="24" count="1" type="cond" truecount="1" falsecount="0"/>
        <line num="25" count="4" type="cond" truecount="0" falsecount="2"/>
        <line num="26" count="4" type="cond" truecount="0" falsecount="1"/>
        <line num="27" count="4" type="stmt"/>
        <line num="29" count="1" type="cond" truecount="1" falsecount="0"/>
        <line num="30" count="1" type="stmt"/>
        <line num="31" count="1" type="stmt"/>
        <line num="33" count="5" type="cond" truecount="1" falsecount="0"/>
        <line num="34" count="5" type="stmt"/>
        <line num="35" count="5" type="stmt"/>
      </file>
    </package>
    <package name="code-janitor-vscode.src.ai">
      <metrics statements="345" coveredstatements="334" conditionals="139" coveredconditionals="130" methods="28" coveredmethods="28"/>
      <file name="aiActions.ts" path="C:\Dev\code-janitor-vscode\src\ai\aiActions.ts">
        <metrics statements="58" coveredstatements="58" conditionals="14" coveredconditionals="14" methods="8" coveredmethods="8"/>
        <line num="6" count="1" type="stmt"/>
        <line num="7" count="1" type="stmt"/>
        <line num="9" count="1" type="stmt"/>
        <line num="10" count="1" type="stmt"/>
        <line num="12" count="1" type="stmt"/>
        <line num="13" count="1" type="stmt"/>
        <line num="15" count="1" type="stmt"/>
        <line num="16" count="1" type="stmt"/>
        <line num="18" count="1" type="cond" truecount="1" falsecount="0"/>
        <line num="19" count="6" type="stmt"/>
        <line num="20" count="6" type="stmt"/>
        <line num="24" count="6" type="stmt"/>
        <line num="26" count="1" type="cond" truecount="1" falsecount="0"/>
        <line num="27" count="4" type="stmt"/>
        <line num="30" count="4" type="stmt"/>
        <line num="46" count="4" type="stmt"/>
        <line num="48" count="1" type="cond" truecount="1" falsecount="0"/>
        <line num="49" count="2" type="stmt"/>
        <line num="52" count="2" type="stmt"/>
        <line num="73" count="2" type="stmt"/>
        <line num="75" count="1" type="cond" truecount="1" falsecount="0"/>
        <line num="76" count="4" type="stmt"/>
        <line num="79" count="4" type="stmt"/>
        <line num="88" count="4" type="stmt"/>
        <line num="90" count="1" type="cond" truecount="1" falsecount="0"/>
        <line num="91" count="2" type="stmt"/>
        <line num="92" count="2" type="stmt"/>
        <line num="93" count="2" type="stmt"/>
        <line num="94" count="2" type="stmt"/>
        <line num="95" count="2" type="stmt"/>
        <line num="96" count="2" type="stmt"/>
        <line num="99" count="2" type="stmt"/>
        <line num="103" count="2" type="stmt"/>
        <line num="104" count="2" type="stmt"/>
        <line num="112" count="2" type="stmt"/>
        <line num="114" count="1" type="cond" truecount="1" falsecount="0"/>
        <line num="115" count="2" type="stmt"/>
        <line num="118" count="2" type="stmt"/>
        <line num="138" count="2" type="stmt"/>
        <line num="140" count="1" type="cond" truecount="1" falsecount="0"/>
        <line num="141" count="5" type="stmt"/>
        <line num="142" count="5" type="stmt"/>
        <line num="143" count="5" type="stmt"/>
        <line num="144" count="5" type="stmt"/>
        <line num="145" count="5" type="stmt"/>
        <line num="146" count="5" type="stmt"/>
        <line num="147" count="5" type="stmt"/>
        <line num="148" count="5" type="stmt"/>
        <line num="153" count="5" type="stmt"/>
        <line num="159" count="5" type="stmt"/>
        <line num="168" count="5" type="stmt"/>
        <line num="171" count="1" type="cond" truecount="1" falsecount="0"/>
        <line num="172" count="12" type="cond" truecount="2" falsecount="0"/>
        <line num="173" count="1" type="stmt"/>
        <line num="174" count="1" type="cond" truecount="1" falsecount="0"/>
        <line num="176" count="12" type="cond" truecount="1" falsecount="0"/>
        <line num="178" count="12" type="cond" truecount="2" falsecount="0"/>
        <line num="179" count="12" type="stmt"/>
      </file>
      <file name="aiService.ts" path="C:\Dev\code-janitor-vscode\src\ai\aiService.ts">
        <metrics statements="57" coveredstatements="53" conditionals="15" coveredconditionals="13" methods="5" coveredmethods="5"/>
        <line num="1" count="1" type="stmt"/>
        <line num="2" count="1" type="stmt"/>
        <line num="3" count="1" type="stmt"/>
        <line num="5" count="1" type="stmt"/>
        <line num="9" count="6" type="cond" truecount="1" falsecount="0"/>
        <line num="10" count="6" type="stmt"/>
        <line num="11" count="6" type="stmt"/>
        <line num="13" count="2" type="cond" truecount="1" falsecount="0"/>
        <line num="14" count="2" type="stmt"/>
        <line num="15" count="2" type="stmt"/>
        <line num="17" count="2" type="stmt"/>
        <line num="18" count="2" type="stmt"/>
        <line num="19" count="2" type="stmt"/>
        <line num="20" count="2" type="stmt"/>
        <line num="21" count="2" type="stmt"/>
        <line num="22" count="2" type="stmt"/>
        <line num="23" count="2" type="stmt"/>
        <line num="24" count="2" type="stmt"/>
        <line num="25" count="2" type="stmt"/>
        <line num="27" count="4" type="cond" truecount="1" falsecount="0"/>
        <line num="28" count="4" type="cond" truecount="1" falsecount="0"/>
        <line num="29" count="3" type="stmt"/>
        <line num="30" count="4" type="cond" truecount="1" falsecount="0"/>
        <line num="31" count="1" type="stmt"/>
        <line num="32" count="1" type="stmt"/>
        <line num="33" count="4" type="stmt"/>
        <line num="40" count="3" type="cond" truecount="1" falsecount="0"/>
        <line num="41" count="3" type="stmt"/>
        <line num="42" count="3" type="stmt"/>
        <line num="43" count="3" type="stmt"/>
        <line num="44" count="3" type="stmt"/>
        <line num="45" count="3" type="stmt"/>
        <line num="46" count="3" type="stmt"/>
        <line num="48" count="3" type="cond" truecount="1" falsecount="0"/>
        <line num="49" count="1" type="stmt"/>
        <line num="51" count="1" type="stmt"/>
        <line num="52" count="1" type="cond" truecount="1" falsecount="0"/>
        <line num="54" count="2" type="stmt"/>
        <line num="56" count="3" type="stmt"/>
        <line num="57" count="3" type="stmt"/>
        <line num="59" count="3" type="cond" truecount="1" falsecount="0"/>
        <line num="60" count="3" type="stmt"/>
        <line num="62" count="3" type="cond" truecount="1" falsecount="0"/>
        <line num="63" count="1" type="stmt"/>
        <line num="64" count="1" type="stmt"/>
        <line num="65" count="1" type="stmt"/>
        <line num="66" count="1" type="cond" truecount="0" falsecount="1"/>
        <line num="68" count="0" type="stmt"/>
        <line num="70" count="0" type="stmt"/>
        <line num="71" count="0" type="cond" truecount="0" falsecount="1"/>
        <line num="72" count="0" type="stmt"/>
        <line num="73" count="1" type="cond" truecount="1" falsecount="0"/>
        <line num="75" count="2" type="stmt"/>
        <line num="77" count="2" type="cond" truecount="1" falsecount="0"/>
        <line num="78" count="1" type="cond" truecount="1" falsecount="0"/>
        <line num="79" count="1" type="stmt"/>
        <line num="80" count="3" type="stmt"/>
      </file>
      <file name="copilotClient.ts" path="C:\Dev\code-janitor-vscode\src\ai\copilotClient.ts">
        <metrics statements="55" coveredstatements="55" conditionals="18" coveredconditionals="18" methods="5" coveredmethods="5"/>
        <line num="1" count="1" type="stmt"/>
        <line num="19" count="23" type="cond" truecount="1" falsecount="0"/>
        <line num="20" count="23" type="stmt"/>
        <line num="21" count="23" type="stmt"/>
        <line num="22" count="23" type="cond" truecount="1" falsecount="0"/>
        <line num="23" count="2" type="stmt"/>
        <line num="24" count="2" type="stmt"/>
        <line num="25" count="23" type="stmt"/>
        <line num="28" count="8" type="cond" truecount="1" falsecount="0"/>
        <line num="29" count="8" type="stmt"/>
        <line num="31" count="8" type="cond" truecount="1" falsecount="0"/>
        <line num="32" count="10" type="stmt"/>
        <line num="33" count="10" type="stmt"/>
        <line num="34" count="10" type="stmt"/>
        <line num="35" count="10" type="stmt"/>
        <line num="36" count="10" type="stmt"/>
        <line num="37" count="8" type="stmt"/>
        <line num="38" count="8" type="stmt"/>
        <line num="40" count="4" type="cond" truecount="1" falsecount="0"/>
        <line num="41" count="4" type="stmt"/>
        <line num="42" count="4" type="stmt"/>
        <line num="44" count="8" type="cond" truecount="1" falsecount="0"/>
        <line num="45" count="8" type="stmt"/>
        <line num="46" count="8" type="stmt"/>
        <line num="47" count="8" type="stmt"/>
        <line num="48" count="8" type="stmt"/>
        <line num="49" count="8" type="cond" truecount="1" falsecount="0"/>
        <line num="50" count="5" type="stmt"/>
        <line num="51" count="5" type="stmt"/>
        <line num="53" count="5" type="stmt"/>
        <line num="54" count="8" type="cond" truecount="1" falsecount="0"/>
        <line num="55" count="6" type="stmt"/>
        <line num="56" count="6" type="cond" truecount="1" falsecount="0"/>
        <line num="58" count="5" type="stmt"/>
        <line num="59" count="5" type="stmt"/>
        <line num="65" count="8" type="cond" truecount="1" falsecount="0"/>
        <line num="66" count="8" type="stmt"/>
        <line num="68" count="8" type="cond" truecount="1" falsecount="0"/>
        <line num="69" count="2" type="stmt"/>
        <line num="70" count="2" type="stmt"/>
        <line num="71" count="2" type="stmt"/>
        <line num="72" count="2" type="cond" truecount="1" falsecount="0"/>
        <line num="74" count="8" type="cond" truecount="1" falsecount="0"/>
        <line num="75" count="4" type="stmt"/>
        <line num="76" count="4" type="cond" truecount="1" falsecount="0"/>
        <line num="78" count="2" type="stmt"/>
        <line num="79" count="2" type="cond" truecount="2" falsecount="0"/>
        <line num="81" count="8" type="cond" truecount="1" falsecount="0"/>
        <line num="82" count="1" type="stmt"/>
        <line num="83" count="1" type="stmt"/>
        <line num="85" count="1" type="cond" truecount="1" falsecount="0"/>
        <line num="87" count="1" type="stmt"/>
        <line num="88" count="1" type="stmt"/>
        <line num="90" count="1" type="stmt"/>
        <line num="91" count="1" type="stmt"/>
      </file>
      <file name="customClient.ts" path="C:\Dev\code-janitor-vscode\src\ai\customClient.ts">
        <metrics statements="175" coveredstatements="168" conditionals="92" coveredconditionals="85" methods="10" coveredmethods="10"/>
        <line num="22" count="1" type="stmt"/>
        <line num="24" count="1" type="cond" truecount="1" falsecount="0"/>
        <line num="25" count="26" type="cond" truecount="2" falsecount="0"/>
        <line num="26" count="6" type="stmt"/>
        <line num="27" count="6" type="cond" truecount="1" falsecount="0"/>
        <line num="29" count="20" type="stmt"/>
        <line num="30" count="20" type="stmt"/>
        <line num="32" count="26" type="cond" truecount="1" falsecount="0"/>
        <line num="33" count="26" type="cond" truecount="1" falsecount="0"/>
        <line num="34" count="1" type="stmt"/>
        <line num="35" count="1" type="stmt"/>
        <line num="36" count="26" type="stmt"/>
        <line num="38" count="1" type="cond" truecount="1" falsecount="0"/>
        <line num="39" count="24" type="stmt"/>
        <line num="40" count="24" type="stmt"/>
        <line num="42" count="24" type="stmt"/>
        <line num="43" count="24" type="cond" truecount="1" falsecount="0"/>
        <line num="44" count="2" type="stmt"/>
        <line num="45" count="2" type="cond" truecount="1" falsecount="0"/>
        <line num="47" count="22" type="stmt"/>
        <line num="48" count="24" type="cond" truecount="2" falsecount="0"/>
        <line num="49" count="4" type="stmt"/>
        <line num="50" count="4" type="cond" truecount="1" falsecount="0"/>
        <line num="52" count="18" type="stmt"/>
        <line num="53" count="18" type="stmt"/>
        <line num="55" count="1" type="cond" truecount="1" falsecount="0"/>
        <line num="56" count="13" type="stmt"/>
        <line num="57" count="13" type="stmt"/>
        <line num="58" count="13" type="stmt"/>
        <line num="59" count="13" type="cond" truecount="1" falsecount="0"/>
        <line num="60" count="1" type="stmt"/>
        <line num="61" count="1" type="cond" truecount="1" falsecount="0"/>
        <line num="63" count="12" type="stmt"/>
        <line num="64" count="13" type="cond" truecount="4" falsecount="0"/>
        <line num="65" count="4" type="stmt"/>
        <line num="66" count="4" type="cond" truecount="1" falsecount="0"/>
        <line num="68" count="8" type="stmt"/>
        <line num="69" count="13" type="cond" truecount="1" falsecount="0"/>
        <line num="70" count="6" type="stmt"/>
        <line num="71" count="6" type="stmt"/>
        <line num="72" count="6" type="cond" truecount="2" falsecount="0"/>
        <line num="73" count="6" type="cond" truecount="4" falsecount="0"/>
        <line num="74" count="6" type="cond" truecount="2" falsecount="0"/>
        <line num="75" count="6" type="cond" truecount="1" falsecount="0"/>
        <line num="77" count="4" type="stmt"/>
        <line num="78" count="4" type="stmt"/>
        <line num="80" count="4" type="cond" truecount="1" falsecount="0"/>
        <line num="81" count="4" type="cond" truecount="1" falsecount="0"/>
        <line num="82" count="4" type="stmt"/>
        <line num="84" count="16" type="cond" truecount="1" falsecount="0"/>
        <line num="85" count="16" type="cond" truecount="3" falsecount="0"/>
        <line num="87" count="16" type="stmt"/>
        <line num="88" count="16" type="stmt"/>
        <line num="89" count="16" type="stmt"/>
        <line num="90" count="16" type="cond" truecount="0" falsecount="1"/>
        <line num="91" count="16" type="stmt"/>
        <line num="92" count="16" type="stmt"/>
        <line num="93" count="16" type="stmt"/>
        <line num="94" count="16" type="stmt"/>
        <line num="95" count="16" type="stmt"/>
        <line num="97" count="16" type="cond" truecount="1" falsecount="0"/>
        <line num="98" count="1" type="stmt"/>
        <line num="99" count="1" type="stmt"/>
        <line num="103" count="16" type="cond" truecount="3" falsecount="0"/>
        <line num="104" count="1" type="stmt"/>
        <line num="105" count="1" type="stmt"/>
        <line num="107" count="16" type="stmt"/>
        <line num="108" count="16" type="stmt"/>
        <line num="110" count="14" type="cond" truecount="1" falsecount="0"/>
        <line num="111" count="14" type="cond" truecount="0" falsecount="1"/>
        <line num="112" count="0" type="stmt"/>
        <line num="113" count="0" type="stmt"/>
        <line num="115" count="14" type="stmt"/>
        <line num="118" count="14" type="stmt"/>
        <line num="119" count="14" type="cond" truecount="2" falsecount="0"/>
        <line num="120" count="9" type="stmt"/>
        <line num="121" count="9" type="stmt"/>
        <line num="122" count="9" type="stmt"/>
        <line num="123" count="9" type="stmt"/>
        <line num="124" count="9" type="cond" truecount="0" falsecount="1"/>
        <line num="125" count="0" type="stmt"/>
        <line num="126" count="0" type="stmt"/>
        <line num="127" count="0" type="stmt"/>
        <line num="128" count="9" type="cond" truecount="1" falsecount="0"/>
        <line num="131" count="5" type="stmt"/>
        <line num="132" count="14" type="cond" truecount="1" falsecount="0"/>
        <line num="133" count="1" type="stmt"/>
        <line num="134" count="1" type="cond" truecount="1" falsecount="1"/>
        <line num="135" count="1" type="stmt"/>
        <line num="136" count="1" type="stmt"/>
        <line num="137" count="1" type="stmt"/>
        <line num="138" count="1" type="stmt"/>
        <line num="139" count="1" type="cond" truecount="1" falsecount="0"/>
        <line num="142" count="4" type="stmt"/>
        <line num="143" count="14" type="cond" truecount="2" falsecount="0"/>
        <line num="144" count="1" type="stmt"/>
        <line num="145" count="1" type="cond" truecount="1" falsecount="0"/>
        <line num="147" count="3" type="stmt"/>
        <line num="148" count="3" type="stmt"/>
        <line num="150" count="16" type="cond" truecount="1" falsecount="0"/>
        <line num="151" count="16" type="cond" truecount="2" falsecount="0"/>
        <line num="152" count="16" type="cond" truecount="1" falsecount="0"/>
        <line num="153" count="16" type="cond" truecount="1" falsecount="0"/>
        <line num="154" count="13" type="stmt"/>
        <line num="155" count="13" type="cond" truecount="1" falsecount="0"/>
        <line num="157" count="16" type="cond" truecount="1" falsecount="0"/>
        <line num="158" count="2" type="cond" truecount="0" falsecount="1"/>
        <line num="159" count="16" type="cond" truecount="1" falsecount="0"/>
        <line num="160" count="1" type="stmt"/>
        <line num="161" count="1" type="stmt"/>
        <line num="162" count="16" type="stmt"/>
        <line num="164" count="18" type="cond" truecount="1" falsecount="0"/>
        <line num="165" count="18" type="cond" truecount="1" falsecount="0"/>
        <line num="166" count="2" type="stmt"/>
        <line num="167" count="2" type="cond" truecount="1" falsecount="0"/>
        <line num="169" count="16" type="stmt"/>
        <line num="170" count="18" type="cond" truecount="3" falsecount="0"/>
        <line num="171" count="18" type="stmt"/>
        <line num="173" count="18" type="stmt"/>
        <line num="174" count="18" type="stmt"/>
        <line num="176" count="18" type="stmt"/>
        <line num="178" count="18" type="cond" truecount="1" falsecount="0"/>
        <line num="179" count="28" type="stmt"/>
        <line num="180" count="28" type="stmt"/>
        <line num="182" count="28" type="stmt"/>
        <line num="183" count="28" type="stmt"/>
        <line num="184" count="28" type="stmt"/>
        <line num="185" count="28" type="stmt"/>
        <line num="186" count="28" type="stmt"/>
        <line num="187" count="28" type="stmt"/>
        <line num="188" count="28" type="cond" truecount="1" falsecount="0"/>
        <line num="190" count="22" type="stmt"/>
        <line num="192" count="28" type="cond" truecount="1" falsecount="0"/>
        <line num="193" count="5" type="stmt"/>
        <line num="194" count="5" type="cond" truecount="2" falsecount="0"/>
        <line num="195" count="2" type="stmt"/>
        <line num="196" count="2" type="cond" truecount="1" falsecount="0"/>
        <line num="198" count="3" type="stmt"/>
        <line num="199" count="3" type="cond" truecount="1" falsecount="0"/>
        <line num="201" count="17" type="stmt"/>
        <line num="202" count="17" type="stmt"/>
        <line num="203" count="17" type="stmt"/>
        <line num="204" count="28" type="cond" truecount="1" falsecount="0"/>
        <line num="205" count="3" type="stmt"/>
        <line num="206" count="3" type="cond" truecount="1" falsecount="0"/>
        <line num="208" count="14" type="stmt"/>
        <line num="209" count="28" type="cond" truecount="2" falsecount="0"/>
        <line num="210" count="3" type="stmt"/>
        <line num="211" count="3" type="cond" truecount="1" falsecount="0"/>
        <line num="213" count="11" type="stmt"/>
        <line num="214" count="28" type="cond" truecount="1" falsecount="0"/>
        <line num="215" count="15" type="cond" truecount="0" falsecount="1"/>
        <line num="216" count="0" type="stmt"/>
        <line num="217" count="0" type="stmt"/>
        <line num="219" count="15" type="cond" truecount="1" falsecount="0"/>
        <line num="220" count="5" type="stmt"/>
        <line num="221" count="5" type="cond" truecount="1" falsecount="0"/>
        <line num="223" count="10" type="stmt"/>
        <line num="224" count="28" type="cond" truecount="1" falsecount="0"/>
        <line num="225" count="28" type="stmt"/>
        <line num="226" count="28" type="stmt"/>
        <line num="227" count="28" type="cond" truecount="1" falsecount="0"/>
        <line num="229" count="18" type="cond" truecount="0" falsecount="1"/>
        <line num="230" count="18" type="stmt"/>
        <line num="232" count="3" type="cond" truecount="1" falsecount="0"/>
        <line num="233" count="3" type="stmt"/>
        <line num="234" count="3" type="cond" truecount="1" falsecount="0"/>
        <line num="236" count="1" type="stmt"/>
        <line num="237" count="3" type="cond" truecount="1" falsecount="0"/>
        <line num="238" count="2" type="stmt"/>
        <line num="239" count="2" type="stmt"/>
        <line num="240" count="3" type="stmt"/>
        <line num="242" count="15" type="cond" truecount="1" falsecount="0"/>
        <line num="243" count="15" type="stmt"/>
        <line num="244" count="15" type="stmt"/>
      </file>
    </package>
    <package name="code-janitor-vscode.src.cleanup">
      <metrics statements="1357" coveredstatements="1258" conditionals="681" coveredconditionals="559" methods="79" coveredmethods="78"/>
      <file name="csharpScanner.ts" path="C:\Dev\code-janitor-vscode\src\cleanup\csharpScanner.ts">
        <metrics statements="166" coveredstatements="164" conditionals="87" coveredconditionals="86" methods="7" coveredmethods="7"/>
        <line num="2" count="1" type="stmt"/>
        <line num="3" count="1" type="stmt"/>
        <line num="4" count="1" type="stmt"/>
        <line num="15" count="1" type="cond" truecount="1" falsecount="0"/>
        <line num="16" count="196" type="stmt"/>
        <line num="17" count="196" type="stmt"/>
        <line num="18" count="196" type="stmt"/>
        <line num="20" count="196" type="cond" truecount="1" falsecount="0"/>
        <line num="21" count="8918" type="stmt"/>
        <line num="23" count="8918" type="cond" truecount="2" falsecount="0"/>
        <line num="24" count="20" type="stmt"/>
        <line num="25" count="20" type="stmt"/>
        <line num="26" count="20" type="stmt"/>
        <line num="27" count="20" type="stmt"/>
        <line num="28" count="20" type="cond" truecount="1" falsecount="0"/>
        <line num="30" count="8918" type="cond" truecount="2" falsecount="0"/>
        <line num="31" count="3" type="stmt"/>
        <line num="32" count="3" type="cond" truecount="2" falsecount="0"/>
        <line num="33" count="3" type="stmt"/>
        <line num="34" count="3" type="stmt"/>
        <line num="35" count="3" type="stmt"/>
        <line num="36" count="3" type="cond" truecount="1" falsecount="0"/>
        <line num="38" count="8918" type="cond" truecount="1" falsecount="0"/>
        <line num="39" count="5" type="stmt"/>
        <line num="40" count="5" type="stmt"/>
        <line num="41" count="5" type="stmt"/>
        <line num="42" count="5" type="stmt"/>
        <line num="43" count="5" type="cond" truecount="2" falsecount="0"/>
        <line num="45" count="8918" type="cond" truecount="3" falsecount="0"/>
        <line num="46" count="26" type="stmt"/>
        <line num="47" count="26" type="cond" truecount="1" falsecount="0"/>
        <line num="48" count="24" type="stmt"/>
        <line num="49" count="24" type="stmt"/>
        <line num="50" count="24" type="stmt"/>
        <line num="51" count="24" type="stmt"/>
        <line num="52" count="26" type="cond" truecount="1" falsecount="0"/>
        <line num="54" count="8866" type="stmt"/>
        <line num="55" count="8866" type="stmt"/>
        <line num="56" count="8866" type="stmt"/>
        <line num="58" count="196" type="stmt"/>
        <line num="59" count="196" type="stmt"/>
        <line num="61" count="20" type="cond" truecount="1" falsecount="0"/>
        <line num="62" count="20" type="stmt"/>
        <line num="64" count="20" type="cond" truecount="2" falsecount="0"/>
        <line num="65" count="20" type="stmt"/>
        <line num="67" count="5" type="cond" truecount="1" falsecount="0"/>
        <line num="68" count="5" type="stmt"/>
        <line num="69" count="5" type="stmt"/>
        <line num="71" count="5" type="cond" truecount="1" falsecount="0"/>
        <line num="72" count="9" type="stmt"/>
        <line num="73" count="9" type="cond" truecount="1" falsecount="0"/>
        <line num="74" count="1" type="stmt"/>
        <line num="75" count="1" type="stmt"/>
        <line num="76" count="1" type="cond" truecount="1" falsecount="0"/>
        <line num="78" count="9" type="cond" truecount="1" falsecount="0"/>
        <line num="79" count="3" type="stmt"/>
        <line num="80" count="3" type="cond" truecount="1" falsecount="0"/>
        <line num="82" count="9" type="cond" truecount="1" falsecount="0"/>
        <line num="83" count="1" type="stmt"/>
        <line num="84" count="1" type="cond" truecount="1" falsecount="0"/>
        <line num="86" count="4" type="stmt"/>
        <line num="87" count="4" type="cond" truecount="1" falsecount="0"/>
        <line num="89" count="1" type="stmt"/>
        <line num="90" count="1" type="stmt"/>
        <line num="97" count="26" type="cond" truecount="1" falsecount="0"/>
        <line num="98" count="26" type="stmt"/>
        <line num="99" count="26" type="stmt"/>
        <line num="100" count="26" type="stmt"/>
        <line num="101" count="26" type="stmt"/>
        <line num="103" count="26" type="cond" truecount="3" falsecount="0"/>
        <line num="104" count="17" type="cond" truecount="1" falsecount="0"/>
        <line num="105" count="10" type="stmt"/>
        <line num="106" count="17" type="cond" truecount="1" falsecount="0"/>
        <line num="107" count="7" type="stmt"/>
        <line num="108" count="7" type="stmt"/>
        <line num="110" count="17" type="stmt"/>
        <line num="111" count="17" type="stmt"/>
        <line num="113" count="26" type="cond" truecount="1" falsecount="0"/>
        <line num="114" count="2" type="stmt"/>
        <line num="115" count="2" type="cond" truecount="1" falsecount="0"/>
        <line num="117" count="24" type="stmt"/>
        <line num="118" count="26" type="cond" truecount="2" falsecount="0"/>
        <line num="119" count="32" type="stmt"/>
        <line num="120" count="32" type="cond" truecount="1" falsecount="0"/>
        <line num="122" count="26" type="cond" truecount="1" falsecount="0"/>
        <line num="123" count="3" type="stmt"/>
        <line num="124" count="3" type="cond" truecount="1" falsecount="0"/>
        <line num="127" count="26" type="cond" truecount="2" falsecount="0"/>
        <line num="128" count="1" type="stmt"/>
        <line num="129" count="1" type="cond" truecount="1" falsecount="0"/>
        <line num="131" count="26" type="cond" truecount="2" falsecount="0"/>
        <line num="132" count="26" type="stmt"/>
        <line num="134" count="14" type="cond" truecount="1" falsecount="0"/>
        <line num="135" count="14" type="stmt"/>
        <line num="136" count="14" type="stmt"/>
        <line num="137" count="14" type="stmt"/>
        <line num="139" count="14" type="cond" truecount="1" falsecount="0"/>
        <line num="140" count="78" type="stmt"/>
        <line num="142" count="78" type="cond" truecount="1" falsecount="0"/>
        <line num="143" count="2" type="stmt"/>
        <line num="144" count="2" type="stmt"/>
        <line num="145" count="2" type="cond" truecount="1" falsecount="0"/>
        <line num="147" count="78" type="cond" truecount="1" falsecount="0"/>
        <line num="148" count="35" type="cond" truecount="2" falsecount="0"/>
        <line num="149" count="2" type="stmt"/>
        <line num="150" count="2" type="stmt"/>
        <line num="151" count="2" type="cond" truecount="1" falsecount="0"/>
        <line num="153" count="35" type="cond" truecount="2" falsecount="0"/>
        <line num="154" count="2" type="stmt"/>
        <line num="155" count="2" type="stmt"/>
        <line num="156" count="2" type="cond" truecount="1" falsecount="0"/>
        <line num="158" count="35" type="cond" truecount="1" falsecount="0"/>
        <line num="159" count="5" type="stmt"/>
        <line num="160" count="5" type="stmt"/>
        <line num="161" count="5" type="stmt"/>
        <line num="162" count="5" type="cond" truecount="1" falsecount="0"/>
        <line num="164" count="35" type="cond" truecount="2" falsecount="0"/>
        <line num="165" count="5" type="stmt"/>
        <line num="166" count="5" type="stmt"/>
        <line num="167" count="5" type="stmt"/>
        <line num="168" count="5" type="stmt"/>
        <line num="169" count="35" type="cond" truecount="1" falsecount="0"/>
        <line num="171" count="78" type="cond" truecount="3" falsecount="0"/>
        <line num="172" count="12" type="stmt"/>
        <line num="173" count="12" type="cond" truecount="1" falsecount="0"/>
        <line num="175" count="78" type="cond" truecount="1" falsecount="0"/>
        <line num="176" count="1" type="stmt"/>
        <line num="177" count="1" type="cond" truecount="1" falsecount="0"/>
        <line num="179" count="49" type="stmt"/>
        <line num="180" count="49" type="cond" truecount="1" falsecount="0"/>
        <line num="182" count="1" type="stmt"/>
        <line num="183" count="1" type="stmt"/>
        <line num="185" count="6" type="cond" truecount="1" falsecount="0"/>
        <line num="186" count="6" type="stmt"/>
        <line num="187" count="6" type="stmt"/>
        <line num="189" count="6" type="cond" truecount="1" falsecount="0"/>
        <line num="190" count="43" type="cond" truecount="1" falsecount="0"/>
        <line num="191" count="7" type="cond" truecount="1" falsecount="0"/>
        <line num="192" count="2" type="stmt"/>
        <line num="193" count="2" type="stmt"/>
        <line num="194" count="2" type="cond" truecount="1" falsecount="0"/>
        <line num="196" count="5" type="stmt"/>
        <line num="197" count="5" type="cond" truecount="1" falsecount="0"/>
        <line num="199" count="36" type="stmt"/>
        <line num="200" count="36" type="cond" truecount="1" falsecount="0"/>
        <line num="202" count="1" type="stmt"/>
        <line num="203" count="1" type="stmt"/>
        <line num="205" count="3" type="cond" truecount="1" falsecount="0"/>
        <line num="206" count="3" type="stmt"/>
        <line num="207" count="3" type="stmt"/>
        <line num="209" count="3" type="cond" truecount="1" falsecount="0"/>
        <line num="210" count="18" type="cond" truecount="1" falsecount="0"/>
        <line num="211" count="16" type="stmt"/>
        <line num="212" count="16" type="stmt"/>
        <line num="213" count="16" type="cond" truecount="1" falsecount="0"/>
        <line num="215" count="2" type="stmt"/>
        <line num="216" count="18" type="cond" truecount="2" falsecount="0"/>
        <line num="217" count="7" type="stmt"/>
        <line num="218" count="7" type="cond" truecount="1" falsecount="0"/>
        <line num="220" count="2" type="stmt"/>
        <line num="221" count="2" type="stmt"/>
        <line num="222" count="2" type="cond" truecount="0" falsecount="1"/>
        <line num="224" count="0" type="stmt"/>
        <line num="225" count="0" type="cond" truecount="1" falsecount="0"/>
        <line num="227" count="1" type="stmt"/>
        <line num="228" count="1" type="stmt"/>
      </file>
      <file name="editorconfig.ts" path="C:\Dev\code-janitor-vscode\src\cleanup\editorconfig.ts">
        <metrics statements="114" coveredstatements="109" conditionals="56" coveredconditionals="53" methods="7" coveredmethods="7"/>
        <line num="1" count="1" type="stmt"/>
        <line num="2" count="1" type="stmt"/>
        <line num="9" count="1" type="cond" truecount="1" falsecount="0"/>
        <line num="10" count="26" type="stmt"/>
        <line num="11" count="26" type="cond" truecount="2" falsecount="0"/>
        <line num="12" count="2" type="stmt"/>
        <line num="13" count="2" type="cond" truecount="1" falsecount="0"/>
        <line num="15" count="24" type="cond" truecount="1" falsecount="0"/>
        <line num="16" count="4" type="stmt"/>
        <line num="17" count="4" type="stmt"/>
        <line num="18" count="4" type="cond" truecount="0" falsecount="1"/>
        <line num="20" count="0" type="stmt"/>
        <line num="21" count="4" type="stmt"/>
        <line num="23" count="24" type="stmt"/>
        <line num="24" count="24" type="stmt"/>
        <line num="26" count="1" type="cond" truecount="1" falsecount="0"/>
        <line num="27" count="29" type="cond" truecount="5" falsecount="0"/>
        <line num="28" count="4" type="stmt"/>
        <line num="29" count="4" type="cond" truecount="1" falsecount="0"/>
        <line num="31" count="25" type="stmt"/>
        <line num="33" count="29" type="cond" truecount="1" falsecount="0"/>
        <line num="34" count="50" type="stmt"/>
        <line num="35" count="50" type="cond" truecount="3" falsecount="0"/>
        <line num="36" count="6" type="stmt"/>
        <line num="37" count="6" type="cond" truecount="1" falsecount="0"/>
        <line num="39" count="50" type="cond" truecount="2" falsecount="0"/>
        <line num="40" count="10" type="stmt"/>
        <line num="41" count="10" type="stmt"/>
        <line num="42" count="10" type="cond" truecount="1" falsecount="0"/>
        <line num="44" count="50" type="cond" truecount="1" falsecount="0"/>
        <line num="45" count="3" type="stmt"/>
        <line num="46" count="3" type="cond" truecount="1" falsecount="0"/>
        <line num="48" count="31" type="stmt"/>
        <line num="49" count="50" type="cond" truecount="1" falsecount="0"/>
        <line num="50" count="2" type="stmt"/>
        <line num="51" count="2" type="cond" truecount="1" falsecount="0"/>
        <line num="53" count="29" type="stmt"/>
        <line num="54" count="29" type="cond" truecount="1" falsecount="0"/>
        <line num="55" count="25" type="stmt"/>
        <line num="58" count="24" type="cond" truecount="1" falsecount="0"/>
        <line num="59" count="24" type="stmt"/>
        <line num="60" count="24" type="stmt"/>
        <line num="62" count="24" type="cond" truecount="1" falsecount="0"/>
        <line num="63" count="63" type="stmt"/>
        <line num="64" count="63" type="cond" truecount="1" falsecount="0"/>
        <line num="65" count="4" type="stmt"/>
        <line num="67" count="4" type="stmt"/>
        <line num="68" count="4" type="cond" truecount="1" falsecount="0"/>
        <line num="69" count="2" type="stmt"/>
        <line num="70" count="2" type="stmt"/>
        <line num="71" count="4" type="cond" truecount="0" falsecount="1"/>
        <line num="72" count="0" type="stmt"/>
        <line num="73" count="0" type="stmt"/>
        <line num="74" count="4" type="cond" truecount="1" falsecount="0"/>
        <line num="76" count="61" type="stmt"/>
        <line num="77" count="63" type="cond" truecount="2" falsecount="0"/>
        <line num="78" count="22" type="stmt"/>
        <line num="79" count="22" type="cond" truecount="1" falsecount="0"/>
        <line num="81" count="39" type="stmt"/>
        <line num="82" count="39" type="stmt"/>
        <line num="84" count="24" type="stmt"/>
        <line num="85" count="24" type="stmt"/>
        <line num="87" count="10" type="cond" truecount="1" falsecount="0"/>
        <line num="88" count="10" type="cond" truecount="0" falsecount="1"/>
        <line num="89" count="0" type="stmt"/>
        <line num="90" count="0" type="stmt"/>
        <line num="92" count="10" type="stmt"/>
        <line num="93" count="10" type="cond" truecount="1" falsecount="0"/>
        <line num="94" count="3" type="stmt"/>
        <line num="95" count="3" type="cond" truecount="1" falsecount="0"/>
        <line num="97" count="10" type="cond" truecount="1" falsecount="0"/>
        <line num="98" count="2" type="stmt"/>
        <line num="99" count="2" type="cond" truecount="1" falsecount="0"/>
        <line num="101" count="5" type="stmt"/>
        <line num="102" count="5" type="stmt"/>
        <line num="104" count="29" type="cond" truecount="1" falsecount="0"/>
        <line num="105" count="29" type="stmt"/>
        <line num="106" count="29" type="cond" truecount="1" falsecount="0"/>
        <line num="107" count="6" type="stmt"/>
        <line num="108" count="6" type="stmt"/>
        <line num="110" count="29" type="cond" truecount="1" falsecount="0"/>
        <line num="111" count="1" type="stmt"/>
        <line num="112" count="1" type="stmt"/>
        <line num="114" count="29" type="cond" truecount="1" falsecount="0"/>
        <line num="115" count="1" type="stmt"/>
        <line num="116" count="1" type="stmt"/>
        <line num="118" count="29" type="cond" truecount="1" falsecount="0"/>
        <line num="119" count="1" type="stmt"/>
        <line num="120" count="1" type="stmt"/>
        <line num="122" count="29" type="cond" truecount="1" falsecount="0"/>
        <line num="123" count="13" type="stmt"/>
        <line num="124" count="13" type="stmt"/>
        <line num="126" count="29" type="cond" truecount="1" falsecount="0"/>
        <line num="127" count="3" type="stmt"/>
        <line num="128" count="3" type="stmt"/>
        <line num="130" count="29" type="cond" truecount="1" falsecount="0"/>
        <line num="131" count="1" type="stmt"/>
        <line num="132" count="1" type="stmt"/>
        <line num="133" count="29" type="stmt"/>
        <line num="134" count="29" type="stmt"/>
        <line num="136" count="9" type="cond" truecount="1" falsecount="0"/>
        <line num="137" count="9" type="stmt"/>
        <line num="138" count="9" type="cond" truecount="1" falsecount="0"/>
        <line num="139" count="7" type="stmt"/>
        <line num="140" count="7" type="cond" truecount="1" falsecount="0"/>
        <line num="142" count="9" type="cond" truecount="1" falsecount="0"/>
        <line num="143" count="1" type="stmt"/>
        <line num="144" count="1" type="stmt"/>
        <line num="146" count="1" type="stmt"/>
        <line num="147" count="1" type="stmt"/>
        <line num="149" count="4" type="cond" truecount="1" falsecount="0"/>
        <line num="150" count="4" type="stmt"/>
        <line num="152" count="4" type="cond" truecount="2" falsecount="0"/>
        <line num="153" count="4" type="stmt"/>
      </file>
      <file name="memberAtPosition.ts" path="C:\Dev\code-janitor-vscode\src\cleanup\memberAtPosition.ts">
        <metrics statements="35" coveredstatements="35" conditionals="14" coveredconditionals="13" methods="1" coveredmethods="1"/>
        <line num="1" count="1" type="stmt"/>
        <line num="3" count="1" type="stmt"/>
        <line num="4" count="1" type="stmt"/>
        <line num="5" count="1" type="stmt"/>
        <line num="6" count="1" type="stmt"/>
        <line num="7" count="1" type="stmt"/>
        <line num="8" count="1" type="stmt"/>
        <line num="9" count="1" type="stmt"/>
        <line num="10" count="1" type="stmt"/>
        <line num="11" count="1" type="stmt"/>
        <line num="12" count="1" type="stmt"/>
        <line num="13" count="1" type="stmt"/>
        <line num="14" count="1" type="stmt"/>
        <line num="15" count="1" type="stmt"/>
        <line num="16" count="1" type="stmt"/>
        <line num="27" count="1" type="cond" truecount="1" falsecount="0"/>
        <line num="28" count="9" type="cond" truecount="2" falsecount="0"/>
        <line num="29" count="1" type="stmt"/>
        <line num="30" count="1" type="cond" truecount="1" falsecount="0"/>
        <line num="32" count="8" type="stmt"/>
        <line num="34" count="8" type="stmt"/>
        <line num="35" count="8" type="stmt"/>
        <line num="37" count="9" type="cond" truecount="1" falsecount="0"/>
        <line num="38" count="16" type="cond" truecount="2" falsecount="0"/>
        <line num="39" count="8" type="stmt"/>
        <line num="40" count="8" type="stmt"/>
        <line num="42" count="16" type="cond" truecount="2" falsecount="0"/>
        <line num="43" count="8" type="stmt"/>
        <line num="44" count="8" type="stmt"/>
        <line num="45" count="16" type="cond" truecount="1" falsecount="0"/>
        <line num="47" count="9" type="cond" truecount="2" falsecount="1"/>
        <line num="48" count="9" type="cond" truecount="1" falsecount="0"/>
        <line num="49" count="8" type="stmt"/>
        <line num="50" count="8" type="stmt"/>
        <line num="51" count="9" type="stmt"/>
      </file>
      <file name="parser.ts" path="C:\Dev\code-janitor-vscode\src\cleanup\parser.ts">
        <metrics statements="43" coveredstatements="36" conditionals="20" coveredconditionals="19" methods="5" coveredmethods="4"/>
        <line num="1" count="1" type="stmt"/>
        <line num="2" count="1" type="stmt"/>
        <line num="11" count="1" type="cond" truecount="1" falsecount="0"/>
        <line num="12" count="941" type="stmt"/>
        <line num="13" count="941" type="stmt"/>
        <line num="16" count="1" type="cond" truecount="1" falsecount="0"/>
        <line num="17" count="15630" type="cond" truecount="1" falsecount="0"/>
        <line num="19" count="15630" type="cond" truecount="1" falsecount="0"/>
        <line num="20" count="14576" type="cond" truecount="1" falsecount="0"/>
        <line num="21" count="14561" type="cond" truecount="1" falsecount="0"/>
        <line num="22" count="15611" type="stmt"/>
        <line num="25" count="1" type="stmt"/>
        <line num="26" count="0" type="stmt"/>
        <line num="28" count="0" type="stmt"/>
        <line num="29" count="0" type="stmt"/>
        <line num="30" count="0" type="stmt"/>
        <line num="31" count="0" type="stmt"/>
        <line num="33" count="1" type="cond" truecount="1" falsecount="0"/>
        <line num="34" count="856" type="cond" truecount="2" falsecount="0"/>
        <line num="35" count="856" type="stmt"/>
        <line num="37" count="856" type="cond" truecount="1" falsecount="0"/>
        <line num="38" count="13314" type="cond" truecount="1" falsecount="0"/>
        <line num="39" count="648" type="stmt"/>
        <line num="40" count="648" type="stmt"/>
        <line num="41" count="13314" type="stmt"/>
        <line num="43" count="856" type="stmt"/>
        <line num="44" count="856" type="stmt"/>
        <line num="53" count="1" type="cond" truecount="1" falsecount="0"/>
        <line num="54" count="620" type="cond" truecount="1" falsecount="0"/>
        <line num="55" count="422" type="stmt"/>
        <line num="56" count="422" type="cond" truecount="3" falsecount="0"/>
        <line num="58" count="198" type="cond" truecount="1" falsecount="0"/>
        <line num="59" count="198" type="stmt"/>
        <line num="60" count="198" type="stmt"/>
        <line num="62" count="477" type="cond" truecount="1" falsecount="0"/>
        <line num="63" count="273" type="cond" truecount="0" falsecount="1"/>
        <line num="64" count="0" type="stmt"/>
        <line num="65" count="0" type="stmt"/>
        <line num="67" count="273" type="stmt"/>
        <line num="68" count="273" type="stmt"/>
        <line num="69" count="273" type="cond" truecount="1" falsecount="0"/>
        <line num="71" count="198" type="stmt"/>
        <line num="72" count="198" type="stmt"/>
      </file>
      <file name="pipeline.ts" path="C:\Dev\code-janitor-vscode\src\cleanup\pipeline.ts">
        <metrics statements="19" coveredstatements="19" conditionals="10" coveredconditionals="9" methods="4" coveredmethods="4"/>
        <line num="8" count="1" type="stmt"/>
        <line num="9" count="1" type="cond" truecount="1" falsecount="0"/>
        <line num="11" count="1" type="cond" truecount="1" falsecount="0"/>
        <line num="12" count="72" type="cond" truecount="1" falsecount="0"/>
        <line num="13" count="72" type="stmt"/>
        <line num="15" count="1" type="cond" truecount="1" falsecount="0"/>
        <line num="16" count="72" type="cond" truecount="1" falsecount="0"/>
        <line num="17" count="1" type="stmt"/>
        <line num="18" count="1" type="cond" truecount="1" falsecount="0"/>
        <line num="20" count="71" type="stmt"/>
        <line num="21" count="72" type="cond" truecount="1" falsecount="0"/>
        <line num="22" count="1329" type="cond" truecount="0" falsecount="1"/>
        <line num="23" count="1329" type="cond" truecount="1" falsecount="0"/>
        <line num="25" count="71" type="stmt"/>
        <line num="26" count="72" type="stmt"/>
        <line num="27" count="1" type="stmt"/>
        <line num="30" count="1" type="cond" truecount="1" falsecount="0"/>
        <line num="31" count="411" type="stmt"/>
        <line num="32" count="411" type="stmt"/>
      </file>
      <file name="runCleanup.ts" path="C:\Dev\code-janitor-vscode\src\cleanup\runCleanup.ts">
        <metrics statements="135" coveredstatements="124" conditionals="88" coveredconditionals="62" methods="5" coveredmethods="5"/>
        <line num="2" count="1" type="stmt"/>
        <line num="3" count="1" type="stmt"/>
        <line num="5" count="1" type="stmt"/>
        <line num="6" count="1" type="stmt"/>
        <line num="7" count="1" type="stmt"/>
        <line num="8" count="1" type="stmt"/>
        <line num="17" count="1" type="stmt"/>
        <line num="21" count="1" type="stmt"/>
        <line num="25" count="1" type="stmt"/>
        <line num="26" count="1" type="stmt"/>
        <line num="31" count="1" type="stmt"/>
        <line num="32" count="1" type="stmt"/>
        <line num="33" count="1" type="stmt"/>
        <line num="37" count="1" type="stmt"/>
        <line num="38" count="1" type="stmt"/>
        <line num="39" count="1" type="stmt"/>
        <line num="49" count="1" type="stmt"/>
        <line num="50" count="1" type="stmt"/>
        <line num="56" count="1" type="cond" truecount="1" falsecount="0"/>
        <line num="57" count="15" type="cond" truecount="2" falsecount="0"/>
        <line num="58" count="1" type="stmt"/>
        <line num="59" count="1" type="stmt"/>
        <line num="61" count="14" type="stmt"/>
        <line num="63" count="14" type="stmt"/>
        <line num="64" count="14" type="stmt"/>
        <line num="66" count="1" type="cond" truecount="1" falsecount="0"/>
        <line num="67" count="65" type="stmt"/>
        <line num="68" count="65" type="stmt"/>
        <line num="69" count="65" type="stmt"/>
        <line num="70" count="65" type="stmt"/>
        <line num="71" count="65" type="stmt"/>
        <line num="72" count="65" type="cond" truecount="2" falsecount="0"/>
        <line num="73" count="65" type="cond" truecount="0" falsecount="1"/>
        <line num="74" count="65" type="cond" truecount="0" falsecount="1"/>
        <line num="75" count="65" type="cond" truecount="3" falsecount="0"/>
        <line num="76" count="65" type="cond" truecount="2" falsecount="0"/>
        <line num="77" count="65" type="cond" truecount="2" falsecount="0"/>
        <line num="78" count="65" type="cond" truecount="2" falsecount="0"/>
        <line num="79" count="65" type="cond" truecount="2" falsecount="0"/>
        <line num="80" count="65" type="cond" truecount="2" falsecount="0"/>
        <line num="81" count="65" type="cond" truecount="2" falsecount="0"/>
        <line num="82" count="65" type="cond" truecount="2" falsecount="0"/>
        <line num="83" count="65" type="cond" truecount="0" falsecount="1"/>
        <line num="84" count="65" type="cond" truecount="0" falsecount="1"/>
        <line num="85" count="65" type="cond" truecount="0" falsecount="1"/>
        <line num="86" count="65" type="cond" truecount="0" falsecount="1"/>
        <line num="87" count="65" type="cond" truecount="2" falsecount="0"/>
        <line num="88" count="65" type="stmt"/>
        <line num="89" count="65" type="cond" truecount="2" falsecount="0"/>
        <line num="90" count="65" type="cond" truecount="0" falsecount="1"/>
        <line num="91" count="65" type="cond" truecount="1" falsecount="0"/>
        <line num="92" count="1" type="cond" truecount="1" falsecount="0"/>
        <line num="93" count="64" type="stmt"/>
        <line num="94" count="65" type="cond" truecount="2" falsecount="0"/>
        <line num="95" count="65" type="cond" truecount="1" falsecount="0"/>
        <line num="96" count="3" type="cond" truecount="1" falsecount="0"/>
        <line num="97" count="3" type="stmt"/>
        <line num="98" count="3" type="stmt"/>
        <line num="99" count="3" type="stmt"/>
        <line num="100" count="3" type="stmt"/>
        <line num="101" count="3" type="stmt"/>
        <line num="102" count="3" type="cond" truecount="1" falsecount="0"/>
        <line num="103" count="62" type="stmt"/>
        <line num="104" count="65" type="cond" truecount="2" falsecount="0"/>
        <line num="105" count="1" type="cond" truecount="1" falsecount="1"/>
        <line num="106" count="64" type="stmt"/>
        <line num="107" count="65" type="cond" truecount="1" falsecount="0"/>
        <line num="108" count="64" type="cond" truecount="2" falsecount="0"/>
        <line num="109" count="2" type="cond" truecount="1" falsecount="0"/>
        <line num="110" count="63" type="stmt"/>
        <line num="111" count="65" type="cond" truecount="0" falsecount="1"/>
        <line num="112" count="65" type="cond" truecount="0" falsecount="1"/>
        <line num="113" count="0" type="stmt"/>
        <line num="114" count="65" type="stmt"/>
        <line num="115" count="65" type="cond" truecount="0" falsecount="1"/>
        <line num="116" count="0" type="stmt"/>
        <line num="117" count="65" type="stmt"/>
        <line num="118" count="65" type="cond" truecount="0" falsecount="1"/>
        <line num="119" count="0" type="stmt"/>
        <line num="120" count="65" type="stmt"/>
        <line num="121" count="65" type="cond" truecount="0" falsecount="1"/>
        <line num="122" count="0" type="stmt"/>
        <line num="123" count="65" type="stmt"/>
        <line num="124" count="65" type="cond" truecount="0" falsecount="1"/>
        <line num="125" count="0" type="stmt"/>
        <line num="126" count="65" type="stmt"/>
        <line num="127" count="65" type="cond" truecount="0" falsecount="1"/>
        <line num="128" count="0" type="stmt"/>
        <line num="129" count="65" type="stmt"/>
        <line num="130" count="65" type="cond" truecount="0" falsecount="1"/>
        <line num="131" count="0" type="stmt"/>
        <line num="132" count="65" type="cond" truecount="0" falsecount="1"/>
        <line num="133" count="65" type="cond" truecount="2" falsecount="0"/>
        <line num="134" count="65" type="stmt"/>
        <line num="136" count="65" type="stmt"/>
        <line num="137" count="65" type="stmt"/>
        <line num="139" count="65" type="cond" truecount="1" falsecount="0"/>
        <line num="140" count="65" type="stmt"/>
        <line num="141" count="65" type="cond" truecount="1" falsecount="0"/>
        <line num="142" count="1" type="cond" truecount="1" falsecount="0"/>
        <line num="143" count="1" type="cond" truecount="1" falsecount="0"/>
        <line num="144" count="1" type="cond" truecount="1" falsecount="0"/>
        <line num="145" count="1" type="cond" truecount="1" falsecount="0"/>
        <line num="146" count="1" type="cond" truecount="1" falsecount="0"/>
        <line num="147" count="1" type="cond" truecount="1" falsecount="0"/>
        <line num="148" count="1" type="cond" truecount="1" falsecount="0"/>
        <line num="149" count="1" type="stmt"/>
        <line num="151" count="65" type="stmt"/>
        <line num="157" count="1" type="cond" truecount="1" falsecount="0"/>
        <line num="158" count="8" type="cond" truecount="1" falsecount="0"/>
        <line num="159" count="2" type="stmt"/>
        <line num="160" count="2" type="cond" truecount="1" falsecount="0"/>
        <line num="162" count="6" type="stmt"/>
        <line num="164" count="6" type="stmt"/>
        <line num="165" count="8" type="cond" truecount="0" falsecount="1"/>
        <line num="166" count="8" type="cond" truecount="0" falsecount="2"/>
        <line num="167" count="0" type="cond" truecount="1" falsecount="0"/>
        <line num="168" count="6" type="stmt"/>
        <line num="169" count="8" type="cond" truecount="1" falsecount="1"/>
        <line num="170" count="6" type="cond" truecount="0" falsecount="1"/>
        <line num="171" count="0" type="stmt"/>
        <line num="172" count="8" type="cond" truecount="1" falsecount="0"/>
        <line num="173" count="6" type="cond" truecount="0" falsecount="1"/>
        <line num="174" count="0" type="stmt"/>
        <line num="175" count="8" type="cond" truecount="1" falsecount="0"/>
        <line num="176" count="6" type="cond" truecount="0" falsecount="1"/>
        <line num="177" count="0" type="stmt"/>
        <line num="178" count="8" type="cond" truecount="1" falsecount="1"/>
        <line num="179" count="8" type="cond" truecount="1" falsecount="1"/>
        <line num="180" count="8" type="stmt"/>
        <line num="182" count="8" type="stmt"/>
        <line num="183" count="8" type="stmt"/>
        <line num="186" count="6" type="cond" truecount="1" falsecount="0"/>
        <line num="187" count="6" type="stmt"/>
        <line num="188" count="6" type="stmt"/>
      </file>
      <file name="topLevelTypeSplit.ts" path="C:\Dev\code-janitor-vscode\src\cleanup\topLevelTypeSplit.ts">
        <metrics statements="174" coveredstatements="165" conditionals="87" coveredconditionals="78" methods="12" coveredmethods="12"/>
        <line num="1" count="1" type="stmt"/>
        <line num="2" count="1" type="stmt"/>
        <line num="8" count="1" type="cond" truecount="1" falsecount="0"/>
        <line num="9" count="1" type="stmt"/>
        <line num="10" count="1" type="stmt"/>
        <line num="11" count="1" type="stmt"/>
        <line num="12" count="1" type="stmt"/>
        <line num="27" count="1" type="stmt"/>
        <line num="28" count="1" type="stmt"/>
        <line num="29" count="1" type="stmt"/>
        <line num="30" count="1" type="stmt"/>
        <line num="31" count="1" type="stmt"/>
        <line num="32" count="1" type="stmt"/>
        <line num="33" count="1" type="stmt"/>
        <line num="34" count="1" type="stmt"/>
        <line num="35" count="1" type="stmt"/>
        <line num="37" count="1" type="stmt"/>
        <line num="51" count="1" type="cond" truecount="1" falsecount="0"/>
        <line num="52" count="22" type="stmt"/>
        <line num="53" count="22" type="stmt"/>
        <line num="54" count="22" type="stmt"/>
        <line num="55" count="22" type="stmt"/>
        <line num="56" count="22" type="cond" truecount="2" falsecount="0"/>
        <line num="57" count="2" type="stmt"/>
        <line num="58" count="2" type="cond" truecount="1" falsecount="0"/>
        <line num="60" count="22" type="cond" truecount="1" falsecount="0"/>
        <line num="61" count="2" type="stmt"/>
        <line num="62" count="2" type="cond" truecount="1" falsecount="0"/>
        <line num="64" count="18" type="stmt"/>
        <line num="66" count="18" type="stmt"/>
        <line num="67" count="18" type="stmt"/>
        <line num="68" count="22" type="cond" truecount="1" falsecount="0"/>
        <line num="69" count="2" type="stmt"/>
        <line num="70" count="2" type="cond" truecount="1" falsecount="0"/>
        <line num="72" count="16" type="stmt"/>
        <line num="73" count="22" type="cond" truecount="0" falsecount="1"/>
        <line num="74" count="0" type="stmt"/>
        <line num="75" count="0" type="cond" truecount="1" falsecount="0"/>
        <line num="77" count="16" type="cond" truecount="1" falsecount="0"/>
        <line num="78" count="22" type="cond" truecount="1" falsecount="0"/>
        <line num="79" count="4" type="stmt"/>
        <line num="80" count="4" type="cond" truecount="1" falsecount="0"/>
        <line num="82" count="12" type="stmt"/>
        <line num="83" count="12" type="stmt"/>
        <line num="84" count="12" type="cond" truecount="2" falsecount="0"/>
        <line num="85" count="2" type="stmt"/>
        <line num="86" count="22" type="cond" truecount="1" falsecount="0"/>
        <line num="88" count="22" type="cond" truecount="0" falsecount="1"/>
        <line num="89" count="0" type="stmt"/>
        <line num="90" count="0" type="cond" truecount="1" falsecount="0"/>
        <line num="92" count="12" type="stmt"/>
        <line num="93" count="12" type="stmt"/>
        <line num="94" count="12" type="cond" truecount="1" falsecount="0"/>
        <line num="95" count="12" type="stmt"/>
        <line num="97" count="12" type="stmt"/>
        <line num="98" count="12" type="cond" truecount="1" falsecount="0"/>
        <line num="99" count="12" type="stmt"/>
        <line num="101" count="12" type="stmt"/>
        <line num="102" count="12" type="stmt"/>
        <line num="103" count="12" type="stmt"/>
        <line num="105" count="12" type="cond" truecount="1" falsecount="0"/>
        <line num="106" count="12" type="stmt"/>
        <line num="107" count="12" type="stmt"/>
        <line num="108" count="12" type="cond" truecount="1" falsecount="0"/>
        <line num="109" count="12" type="stmt"/>
        <line num="111" count="12" type="stmt"/>
        <line num="112" count="12" type="stmt"/>
        <line num="114" count="12" type="stmt"/>
        <line num="115" count="22" type="cond" truecount="1" falsecount="0"/>
        <line num="116" count="18" type="stmt"/>
        <line num="117" count="18" type="stmt"/>
        <line num="118" count="22" type="stmt"/>
        <line num="120" count="10" type="cond" truecount="1" falsecount="0"/>
        <line num="121" count="10" type="stmt"/>
        <line num="122" count="10" type="stmt"/>
        <line num="130" count="20" type="cond" truecount="1" falsecount="0"/>
        <line num="131" count="20" type="cond" truecount="1" falsecount="0"/>
        <line num="132" count="1" type="stmt"/>
        <line num="133" count="1" type="cond" truecount="1" falsecount="0"/>
        <line num="135" count="20" type="cond" truecount="1" falsecount="0"/>
        <line num="136" count="158" type="stmt"/>
        <line num="137" count="158" type="cond" truecount="2" falsecount="0"/>
        <line num="138" count="1" type="stmt"/>
        <line num="139" count="1" type="stmt"/>
        <line num="140" count="158" type="cond" truecount="1" falsecount="0"/>
        <line num="142" count="18" type="stmt"/>
        <line num="143" count="18" type="stmt"/>
        <line num="149" count="18" type="cond" truecount="1" falsecount="0"/>
        <line num="150" count="18" type="stmt"/>
        <line num="151" count="18" type="cond" truecount="1" falsecount="0"/>
        <line num="153" count="18" type="cond" truecount="1" falsecount="0"/>
        <line num="154" count="1" type="stmt"/>
        <line num="155" count="1" type="cond" truecount="1" falsecount="0"/>
        <line num="157" count="18" type="cond" truecount="1" falsecount="0"/>
        <line num="158" count="14" type="stmt"/>
        <line num="159" count="14" type="cond" truecount="2" falsecount="0"/>
        <line num="161" count="3" type="cond" truecount="1" falsecount="0"/>
        <line num="162" count="15" type="cond" truecount="1" falsecount="0"/>
        <line num="163" count="1" type="stmt"/>
        <line num="164" count="1" type="cond" truecount="1" falsecount="0"/>
        <line num="166" count="2" type="stmt"/>
        <line num="168" count="15" type="cond" truecount="1" falsecount="0"/>
        <line num="169" count="1" type="stmt"/>
        <line num="171" count="1" type="cond" truecount="0" falsecount="1"/>
        <line num="172" count="1" type="stmt"/>
        <line num="175" count="15" type="cond" truecount="0" falsecount="1"/>
        <line num="177" count="18" type="stmt"/>
        <line num="178" count="18" type="stmt"/>
        <line num="180" count="5" type="cond" truecount="1" falsecount="0"/>
        <line num="181" count="5" type="stmt"/>
        <line num="182" count="5" type="cond" truecount="1" falsecount="0"/>
        <line num="183" count="4" type="cond" truecount="1" falsecount="0"/>
        <line num="184" count="4" type="cond" truecount="1" falsecount="0"/>
        <line num="185" count="4" type="stmt"/>
        <line num="187" count="5" type="stmt"/>
        <line num="195" count="16" type="cond" truecount="1" falsecount="0"/>
        <line num="196" count="16" type="stmt"/>
        <line num="197" count="16" type="stmt"/>
        <line num="199" count="16" type="cond" truecount="1" falsecount="0"/>
        <line num="200" count="35" type="cond" truecount="1" falsecount="0"/>
        <line num="201" count="1" type="stmt"/>
        <line num="202" count="1" type="cond" truecount="1" falsecount="0"/>
        <line num="204" count="35" type="cond" truecount="3" falsecount="0"/>
        <line num="205" count="3" type="stmt"/>
        <line num="206" count="3" type="stmt"/>
        <line num="207" count="3" type="cond" truecount="1" falsecount="0"/>
        <line num="209" count="35" type="cond" truecount="0" falsecount="1"/>
        <line num="210" count="0" type="stmt"/>
        <line num="211" count="0" type="stmt"/>
        <line num="212" count="0" type="cond" truecount="1" falsecount="0"/>
        <line num="214" count="35" type="cond" truecount="0" falsecount="1"/>
        <line num="215" count="0" type="stmt"/>
        <line num="216" count="0" type="cond" truecount="1" falsecount="0"/>
        <line num="218" count="35" type="cond" truecount="1" falsecount="0"/>
        <line num="219" count="35" type="stmt"/>
        <line num="220" count="35" type="stmt"/>
        <line num="222" count="16" type="stmt"/>
        <line num="223" count="16" type="stmt"/>
        <line num="225" count="31" type="cond" truecount="1" falsecount="0"/>
        <line num="226" count="31" type="cond" truecount="1" falsecount="0"/>
        <line num="227" count="1" type="stmt"/>
        <line num="228" count="1" type="cond" truecount="1" falsecount="0"/>
        <line num="230" count="31" type="cond" truecount="1" falsecount="0"/>
        <line num="231" count="31" type="stmt"/>
        <line num="233" count="29" type="cond" truecount="1" falsecount="0"/>
        <line num="234" count="29" type="cond" truecount="2" falsecount="0"/>
        <line num="235" count="29" type="stmt"/>
        <line num="237" count="26" type="cond" truecount="1" falsecount="0"/>
        <line num="238" count="26" type="stmt"/>
        <line num="239" count="26" type="stmt"/>
        <line num="241" count="26" type="cond" truecount="1" falsecount="0"/>
        <line num="242" count="26" type="cond" truecount="0" falsecount="1"/>
        <line num="243" count="26" type="stmt"/>
        <line num="245" count="26" type="cond" truecount="2" falsecount="0"/>
        <line num="246" count="26" type="stmt"/>
        <line num="248" count="26" type="cond" truecount="1" falsecount="0"/>
        <line num="249" count="26" type="cond" truecount="1" falsecount="0"/>
        <line num="251" count="26" type="cond" truecount="4" falsecount="0"/>
        <line num="252" count="26" type="stmt"/>
        <line num="254" count="12" type="cond" truecount="1" falsecount="0"/>
        <line num="255" count="12" type="cond" truecount="1" falsecount="0"/>
        <line num="256" count="11" type="stmt"/>
        <line num="257" count="11" type="cond" truecount="1" falsecount="0"/>
        <line num="259" count="1" type="stmt"/>
        <line num="260" count="12" type="cond" truecount="0" falsecount="1"/>
        <line num="261" count="12" type="cond" truecount="1" falsecount="1"/>
        <line num="263" count="12" type="stmt"/>
        <line num="264" count="12" type="stmt"/>
        <line num="265" count="12" type="cond" truecount="1" falsecount="0"/>
        <line num="266" count="1" type="stmt"/>
        <line num="267" count="1" type="stmt"/>
        <line num="268" count="1" type="stmt"/>
        <line num="270" count="1" type="stmt"/>
        <line num="271" count="1" type="stmt"/>
      </file>
      <file name="types.ts" path="C:\Dev\code-janitor-vscode\src\cleanup\types.ts">
        <metrics statements="82" coveredstatements="82" conditionals="3" coveredconditionals="3" methods="1" coveredmethods="1"/>
        <line num="22" count="1" type="cond" truecount="1" falsecount="0"/>
        <line num="23" count="1" type="stmt"/>
        <line num="24" count="1" type="stmt"/>
        <line num="27" count="1" type="cond" truecount="1" falsecount="0"/>
        <line num="28" count="1" type="stmt"/>
        <line num="29" count="1" type="stmt"/>
        <line num="119" count="1" type="cond" truecount="1" falsecount="0"/>
        <line num="120" count="115" type="stmt"/>
        <line num="121" count="115" type="stmt"/>
        <line num="122" count="115" type="stmt"/>
        <line num="123" count="115" type="stmt"/>
        <line num="124" count="115" type="stmt"/>
        <line num="125" count="115" type="stmt"/>
        <line num="126" count="115" type="stmt"/>
        <line num="127" count="115" type="stmt"/>
        <line num="128" count="115" type="stmt"/>
        <line num="129" count="115" type="stmt"/>
        <line num="130" count="115" type="stmt"/>
        <line num="131" count="115" type="stmt"/>
        <line num="132" count="115" type="stmt"/>
        <line num="133" count="115" type="stmt"/>
        <line num="134" count="115" type="stmt"/>
        <line num="135" count="115" type="stmt"/>
        <line num="136" count="115" type="stmt"/>
        <line num="137" count="115" type="stmt"/>
        <line num="138" count="115" type="stmt"/>
        <line num="139" count="115" type="stmt"/>
        <line num="140" count="115" type="stmt"/>
        <line num="141" count="115" type="stmt"/>
        <line num="142" count="115" type="stmt"/>
        <line num="143" count="115" type="stmt"/>
        <line num="144" count="115" type="stmt"/>
        <line num="145" count="115" type="stmt"/>
        <line num="146" count="115" type="stmt"/>
        <line num="147" count="115" type="stmt"/>
        <line num="148" count="115" type="stmt"/>
        <line num="149" count="115" type="stmt"/>
        <line num="150" count="115" type="stmt"/>
        <line num="151" count="115" type="stmt"/>
        <line num="152" count="115" type="stmt"/>
        <line num="154" count="115" type="stmt"/>
        <line num="155" count="115" type="stmt"/>
        <line num="156" count="115" type="stmt"/>
        <line num="157" count="115" type="stmt"/>
        <line num="158" count="115" type="stmt"/>
        <line num="159" count="115" type="stmt"/>
        <line num="160" count="115" type="stmt"/>
        <line num="161" count="115" type="stmt"/>
        <line num="162" count="115" type="stmt"/>
        <line num="164" count="115" type="stmt"/>
        <line num="165" count="115" type="stmt"/>
        <line num="166" count="115" type="stmt"/>
        <line num="167" count="115" type="stmt"/>
        <line num="168" count="115" type="stmt"/>
        <line num="169" count="115" type="stmt"/>
        <line num="170" count="115" type="stmt"/>
        <line num="171" count="115" type="stmt"/>
        <line num="172" count="115" type="stmt"/>
        <line num="173" count="115" type="stmt"/>
        <line num="174" count="115" type="stmt"/>
        <line num="175" count="115" type="stmt"/>
        <line num="177" count="115" type="stmt"/>
        <line num="178" count="115" type="stmt"/>
        <line num="180" count="115" type="stmt"/>
        <line num="181" count="115" type="stmt"/>
        <line num="182" count="115" type="stmt"/>
        <line num="184" count="115" type="stmt"/>
        <line num="186" count="115" type="stmt"/>
        <line num="187" count="115" type="stmt"/>
        <line num="188" count="115" type="stmt"/>
        <line num="189" count="115" type="stmt"/>
        <line num="190" count="115" type="stmt"/>
        <line num="191" count="115" type="stmt"/>
        <line num="192" count="115" type="stmt"/>
        <line num="193" count="115" type="stmt"/>
        <line num="194" count="115" type="stmt"/>
        <line num="195" count="115" type="stmt"/>
        <line num="197" count="115" type="stmt"/>
        <line num="198" count="115" type="stmt"/>
        <line num="199" count="115" type="stmt"/>
        <line num="200" count="115" type="stmt"/>
        <line num="201" count="115" type="stmt"/>
      </file>
      <file name="xmlDocumentation.ts" path="C:\Dev\code-janitor-vscode\src\cleanup\xmlDocumentation.ts">
        <metrics statements="589" coveredstatements="524" conditionals="316" coveredconditionals="236" methods="37" coveredmethods="37"/>
        <line num="1" count="1" type="stmt"/>
        <line num="10" count="1" type="stmt"/>
        <line num="11" count="1" type="stmt"/>
        <line num="45" count="1" type="cond" truecount="1" falsecount="0"/>
        <line num="46" count="97" type="stmt"/>
        <line num="47" count="97" type="cond" truecount="2" falsecount="0"/>
        <line num="48" count="97" type="stmt"/>
        <line num="49" count="97" type="stmt"/>
        <line num="50" count="97" type="stmt"/>
        <line num="51" count="97" type="stmt"/>
        <line num="52" count="97" type="stmt"/>
        <line num="53" count="97" type="stmt"/>
        <line num="54" count="97" type="stmt"/>
        <line num="56" count="1" type="stmt"/>
        <line num="57" count="1" type="stmt"/>
        <line num="58" count="1" type="stmt"/>
        <line num="59" count="1" type="stmt"/>
        <line num="60" count="1" type="stmt"/>
        <line num="61" count="1" type="stmt"/>
        <line num="62" count="1" type="stmt"/>
        <line num="64" count="1" type="stmt"/>
        <line num="65" count="1" type="stmt"/>
        <line num="66" count="1" type="stmt"/>
        <line num="67" count="1" type="stmt"/>
        <line num="68" count="1" type="stmt"/>
        <line num="69" count="1" type="stmt"/>
        <line num="70" count="1" type="stmt"/>
        <line num="71" count="1" type="stmt"/>
        <line num="72" count="1" type="stmt"/>
        <line num="74" count="1" type="stmt"/>
        <line num="81" count="1" type="cond" truecount="1" falsecount="0"/>
        <line num="82" count="17" type="cond" truecount="0" falsecount="1"/>
        <line num="83" count="0" type="stmt"/>
        <line num="84" count="0" type="stmt"/>
        <line num="86" count="17" type="stmt"/>
        <line num="88" count="17" type="stmt"/>
        <line num="89" count="17" type="cond" truecount="1" falsecount="0"/>
        <line num="90" count="30" type="stmt"/>
        <line num="92" count="30" type="stmt"/>
        <line num="93" count="30" type="stmt"/>
        <line num="94" count="30" type="stmt"/>
        <line num="95" count="30" type="stmt"/>
        <line num="96" count="30" type="stmt"/>
        <line num="97" count="30" type="stmt"/>
        <line num="98" count="30" type="cond" truecount="2" falsecount="0"/>
[...]
        <line num="38" count="25" type="stmt"/>
        <line num="39" count="25" type="stmt"/>
        <line num="40" count="25" type="stmt"/>
        <line num="41" count="25" type="stmt"/>
        <line num="42" count="25" type="stmt"/>
        <line num="43" count="25" type="stmt"/>
        <line num="44" count="25" type="stmt"/>
        <line num="45" count="25" type="stmt"/>
        <line num="46" count="25" type="stmt"/>
        <line num="47" count="25" type="stmt"/>
        <line num="48" count="25" type="stmt"/>
        <line num="49" count="25" type="stmt"/>
        <line num="51" count="25" type="stmt"/>
        <line num="52" count="25" type="stmt"/>
        <line num="53" count="25" type="stmt"/>
        <line num="54" count="25" type="stmt"/>
        <line num="55" count="25" type="stmt"/>
        <line num="56" count="25" type="stmt"/>
        <line num="57" count="25" type="stmt"/>
        <line num="58" count="25" type="stmt"/>
        <line num="59" count="25" type="stmt"/>
        <line num="61" count="25" type="stmt"/>
        <line num="62" count="25" type="stmt"/>
        <line num="63" count="25" type="stmt"/>
        <line num="64" count="25" type="stmt"/>
        <line num="65" count="25" type="stmt"/>
        <line num="66" count="25" type="stmt"/>
        <line num="67" count="25" type="stmt"/>
        <line num="68" count="25" type="stmt"/>
        <line num="69" count="25" type="stmt"/>
        <line num="70" count="25" type="stmt"/>
        <line num="71" count="25" type="stmt"/>
        <line num="72" count="25" type="stmt"/>
        <line num="73" count="25" type="stmt"/>
        <line num="74" count="25" type="stmt"/>
        <line num="76" count="25" type="stmt"/>
        <line num="77" count="25" type="stmt"/>
        <line num="78" count="25" type="stmt"/>
        <line num="79" count="25" type="stmt"/>
        <line num="81" count="25" type="stmt"/>
        <line num="82" count="25" type="stmt"/>
        <line num="83" count="25" type="stmt"/>
        <line num="84" count="25" type="stmt"/>
        <line num="85" count="25" type="stmt"/>
        <line num="86" count="25" type="stmt"/>
        <line num="87" count="25" type="stmt"/>
        <line num="88" count="25" type="stmt"/>
        <line num="89" count="25" type="stmt"/>
        <line num="90" count="25" type="stmt"/>
        <line num="92" count="25" type="stmt"/>
        <line num="93" count="25" type="stmt"/>
        <line num="94" count="25" type="cond" truecount="1" falsecount="1"/>
        <line num="95" count="1" type="cond" truecount="1" falsecount="0"/>
        <line num="96" count="24" type="stmt"/>
        <line num="97" count="25" type="stmt"/>
        <line num="98" count="25" type="cond" truecount="1" falsecount="1"/>
        <line num="99" count="1" type="cond" truecount="1" falsecount="0"/>
        <line num="100" count="24" type="stmt"/>
        <line num="101" count="25" type="stmt"/>
        <line num="102" count="25" type="stmt"/>
        <line num="105" count="1" type="cond" truecount="1" falsecount="0"/>
        <line num="106" count="35" type="cond" truecount="1" falsecount="0"/>
        <line num="107" count="23" type="stmt"/>
        <line num="108" count="23" type="cond" truecount="2" falsecount="0"/>
        <line num="110" count="12" type="stmt"/>
        <line num="111" count="12" type="cond" truecount="2" falsecount="0"/>
        <line num="112" count="34" type="cond" truecount="1" falsecount="0"/>
        <line num="113" count="5" type="stmt"/>
        <line num="114" count="5" type="cond" truecount="1" falsecount="0"/>
        <line num="116" count="7" type="stmt"/>
        <line num="117" count="7" type="stmt"/>
        <line num="118" count="7" type="stmt"/>
        <line num="119" count="35" type="cond" truecount="3" falsecount="1"/>
        <line num="120" count="0" type="stmt"/>
        <line num="121" count="0" type="cond" truecount="1" falsecount="0"/>
        <line num="123" count="7" type="stmt"/>
        <line num="124" count="7" type="stmt"/>
        <line num="125" count="7" type="stmt"/>
        <line num="126" count="7" type="stmt"/>
        <line num="127" count="7" type="stmt"/>
        <line num="128" count="7" type="stmt"/>
        <line num="129" count="7" type="stmt"/>
        <line num="130" count="7" type="stmt"/>
        <line num="131" count="7" type="stmt"/>
        <line num="132" count="7" type="stmt"/>
        <line num="133" count="7" type="stmt"/>
        <line num="134" count="7" type="stmt"/>
        <line num="135" count="7" type="stmt"/>
        <line num="136" count="7" type="stmt"/>
        <line num="137" count="7" type="stmt"/>
        <line num="138" count="7" type="stmt"/>
        <line num="139" count="7" type="stmt"/>
        <line num="140" count="7" type="stmt"/>
        <line num="141" count="7" type="stmt"/>
        <line num="142" count="7" type="stmt"/>
        <line num="143" count="7" type="stmt"/>
        <line num="144" count="7" type="stmt"/>
        <line num="145" count="7" type="stmt"/>
        <line num="146" count="7" type="stmt"/>
        <line num="147" count="7" type="stmt"/>
        <line num="148" count="7" type="stmt"/>
        <line num="149" count="7" type="stmt"/>
        <line num="150" count="7" type="stmt"/>
        <line num="151" count="7" type="stmt"/>
        <line num="152" count="7" type="stmt"/>
        <line num="153" count="7" type="stmt"/>
        <line num="154" count="7" type="stmt"/>
        <line num="155" count="7" type="stmt"/>
        <line num="156" count="7" type="stmt"/>
        <line num="157" count="7" type="stmt"/>
        <line num="158" count="7" type="stmt"/>
        <line num="159" count="7" type="stmt"/>
        <line num="160" count="7" type="stmt"/>
        <line num="161" count="7" type="stmt"/>
        <line num="162" count="7" type="stmt"/>
        <line num="163" count="7" type="stmt"/>
        <line num="165" count="34" type="cond" truecount="1" falsecount="0"/>
        <line num="166" count="504" type="stmt"/>
        <line num="167" count="504" type="cond" truecount="2" falsecount="0"/>
        <line num="168" count="14" type="cond" truecount="3" falsecount="1"/>
        <line num="169" count="14" type="cond" truecount="1" falsecount="0"/>
        <line num="170" count="2" type="cond" truecount="1" falsecount="0"/>
        <line num="171" count="1" type="cond" truecount="1" falsecount="1"/>
        <line num="172" count="1" type="cond" truecount="0" falsecount="1"/>
        <line num="173" count="2" type="stmt"/>
        <line num="175" count="14" type="stmt"/>
        <line num="176" count="14" type="cond" truecount="1" falsecount="0"/>
        <line num="178" count="504" type="cond" truecount="2" falsecount="0"/>
        <line num="179" count="456" type="stmt"/>
        <line num="180" count="456" type="cond" truecount="1" falsecount="0"/>
        <line num="182" count="34" type="stmt"/>
        <line num="183" count="34" type="cond" truecount="1" falsecount="0"/>
        <line num="185" count="7" type="stmt"/>
        <line num="186" count="34" type="cond" truecount="0" falsecount="1"/>
        <line num="187" count="0" type="stmt"/>
        <line num="188" count="0" type="stmt"/>
        <line num="189" count="35" type="stmt"/>
        <line num="191" count="14" type="cond" truecount="1" falsecount="0"/>
        <line num="192" count="14" type="stmt"/>
        <line num="193" count="14" type="stmt"/>
        <line num="194" count="14" type="stmt"/>
        <line num="195" count="14" type="stmt"/>
        <line num="196" count="14" type="stmt"/>
        <line num="197" count="14" type="cond" truecount="1" falsecount="0"/>
        <line num="198" count="13" type="stmt"/>
        <line num="199" count="13" type="cond" truecount="1" falsecount="0"/>
        <line num="201" count="14" type="cond" truecount="1" falsecount="0"/>
        <line num="202" count="27" type="stmt"/>
        <line num="203" count="27" type="cond" truecount="1" falsecount="0"/>
        <line num="204" count="1" type="stmt"/>
        <line num="207" count="1" type="cond" truecount="1" falsecount="0"/>
        <line num="208" count="17" type="stmt"/>
        <line num="210" count="17" type="stmt"/>
        <line num="211" count="17" type="stmt"/>
        <line num="212" count="17" type="stmt"/>
        <line num="213" count="17" type="stmt"/>
        <line num="214" count="17" type="stmt"/>
        <line num="215" count="17" type="stmt"/>
        <line num="216" count="17" type="stmt"/>
        <line num="217" count="17" type="stmt"/>
        <line num="218" count="17" type="stmt"/>
      </file>
      <file name="settingsUi.ts" path="C:\Dev\code-janitor-vscode\src\commands\settingsUi.ts">
        <metrics statements="188" coveredstatements="178" conditionals="72" coveredconditionals="63" methods="20" coveredmethods="19"/>
        <line num="1" count="1" type="stmt"/>
        <line num="50" count="1" type="cond" truecount="1" falsecount="0"/>
        <line num="51" count="17" type="cond" truecount="1" falsecount="0"/>
        <line num="52" count="17" type="cond" truecount="1" falsecount="0"/>
        <line num="53" count="17" type="cond" truecount="1" falsecount="0"/>
        <line num="54" count="14" type="stmt"/>
        <line num="55" count="14" type="cond" truecount="1" falsecount="0"/>
        <line num="57" count="17" type="cond" truecount="2" falsecount="0"/>
        <line num="59" count="17" type="stmt"/>
        <line num="60" count="17" type="cond" truecount="1" falsecount="0"/>
        <line num="61" count="25" type="cond" truecount="0" falsecount="1"/>
        <line num="62" count="25" type="cond" truecount="1" falsecount="0"/>
        <line num="63" count="25" type="cond" truecount="0" falsecount="1"/>
        <line num="64" count="25" type="cond" truecount="1" falsecount="0"/>
        <line num="65" count="25" type="stmt"/>
        <line num="66" count="17" type="stmt"/>
        <line num="67" count="17" type="cond" truecount="1" falsecount="0"/>
        <line num="68" count="17" type="cond" truecount="1" falsecount="0"/>
        <line num="69" count="17" type="stmt"/>
        <line num="71" count="196" type="cond" truecount="1" falsecount="0"/>
        <line num="72" count="196" type="stmt"/>
        <line num="73" count="196" type="stmt"/>
        <line num="75" count="113" type="cond" truecount="1" falsecount="0"/>
        <line num="76" count="113" type="stmt"/>
        <line num="77" count="113" type="stmt"/>
        <line num="78" count="113" type="stmt"/>
        <line num="79" count="113" type="stmt"/>
        <line num="80" count="113" type="cond" truecount="1" falsecount="1"/>
        <line num="81" count="113" type="stmt"/>
        <line num="82" count="113" type="cond" truecount="2" falsecount="0"/>
        <line num="83" count="113" type="stmt"/>
        <line num="84" count="113" type="stmt"/>
        <line num="87" count="113" type="cond" truecount="1" falsecount="0"/>
        <line num="88" count="113" type="stmt"/>
        <line num="89" count="113" type="stmt"/>
        <line num="90" count="113" type="stmt"/>
        <line num="91" count="113" type="stmt"/>
        <line num="92" count="113" type="stmt"/>
        <line num="94" count="113" type="cond" truecount="1" falsecount="0"/>
        <line num="95" count="113" type="cond" truecount="1" falsecount="0"/>
        <line num="96" count="6" type="stmt"/>
        <line num="97" count="6" type="cond" truecount="1" falsecount="0"/>
        <line num="99" count="113" type="cond" truecount="1" falsecount="1"/>
        <line num="101" count="113" type="stmt"/>
        <line num="102" count="113" type="cond" truecount="1" falsecount="0"/>
        <line num="103" count="75" type="stmt"/>
        <line num="104" count="113" type="cond" truecount="1" falsecount="0"/>
        <line num="105" count="113" type="cond" truecount="1" falsecount="0"/>
        <line num="106" count="12" type="stmt"/>
        <line num="107" count="113" type="cond" truecount="1" falsecount="0"/>
        <line num="108" count="4" type="stmt"/>
        <line num="109" count="113" type="cond" truecount="1" falsecount="0"/>
        <line num="110" count="16" type="stmt"/>
        <line num="111" count="113" type="stmt"/>
        <line num="112" count="113" type="stmt"/>
        <line num="115" count="113" type="cond" truecount="1" falsecount="0"/>
        <line num="116" count="113" type="cond" truecount="0" falsecount="1"/>
        <line num="117" count="113" type="stmt"/>
        <line num="119" count="113" type="stmt"/>
        <line num="120" count="113" type="stmt"/>
        <line num="122" count="1" type="cond" truecount="1" falsecount="0"/>
        <line num="123" count="19" type="stmt"/>
        <line num="124" count="19" type="cond" truecount="1" falsecount="0"/>
        <line num="125" count="19" type="stmt"/>
        <line num="126" count="19" type="stmt"/>
        <line num="129" count="1" type="cond" truecount="1" falsecount="0"/>
        <line num="130" count="14" type="stmt"/>
        <line num="131" count="14" type="stmt"/>
        <line num="133" count="1" type="stmt"/>
        <line num="134" count="1" type="stmt"/>
        <line num="136" count="1" type="stmt"/>
        <line num="138" count="1" type="stmt"/>
        <line num="140" count="1" type="cond" truecount="1" falsecount="0"/>
        <line num="141" count="13" type="stmt"/>
        <line num="142" count="13" type="cond" truecount="1" falsecount="0"/>
        <line num="143" count="13" type="stmt"/>
        <line num="144" count="13" type="stmt"/>
        <line num="146" count="13" type="stmt"/>
        <line num="147" count="13" type="cond" truecount="1" falsecount="0"/>
        <line num="148" count="13" type="stmt"/>
        <line num="149" count="0" type="stmt"/>
        <line num="150" count="0" type="stmt"/>
        <line num="151" count="0" type="stmt"/>
        <line num="152" count="13" type="stmt"/>
        <line num="153" count="13" type="stmt"/>
        <line num="154" count="13" type="stmt"/>
        <line num="156" count="13" type="stmt"/>
        <line num="157" count="13" type="stmt"/>
        <line num="159" count="1" type="cond" truecount="1" falsecount="0"/>
        <line num="160" count="14" type="cond" truecount="0" falsecount="1"/>
        <line num="162" count="14" type="cond" truecount="1" falsecount="0"/>
        <line num="163" count="1" type="stmt"/>
        <line num="165" count="1" type="stmt"/>
        <line num="166" count="1" type="cond" truecount="1" falsecount="0"/>
        <line num="168" count="13" type="stmt"/>
        <line num="169" count="13" type="stmt"/>
        <line num="170" count="13" type="stmt"/>
        <line num="171" count="13" type="stmt"/>
        <line num="173" count="13" type="stmt"/>
        <line num="174" count="14" type="stmt"/>
        <line num="176" count="1" type="cond" truecount="1" falsecount="0"/>
        <line num="177" count="13" type="cond" truecount="1" falsecount="0"/>
        <line num="178" count="13" type="cond" truecount="1" falsecount="0"/>
        <line num="179" count="1" type="stmt"/>
        <line num="180" count="1" type="stmt"/>
        <line num="181" count="1" type="stmt"/>
        <line num="182" count="1" type="stmt"/>
        <line num="183" count="1" type="stmt"/>
        <line num="184" count="1" type="cond" truecount="0" falsecount="1"/>
        <line num="185" count="1" type="stmt"/>
        <line num="187" count="1" type="stmt"/>
        <line num="189" count="13" type="cond" truecount="1" falsecount="0"/>
        <line num="190" count="3" type="cond" truecount="2" falsecount="0"/>
        <line num="191" count="3" type="stmt"/>
        <line num="193" count="3" type="stmt"/>
        <line num="195" count="13" type="cond" truecount="1" falsecount="0"/>
        <line num="196" count="3" type="cond" truecount="1" falsecount="0"/>
        <line num="197" count="2" type="stmt"/>
        <line num="198" count="2" type="stmt"/>
        <line num="200" count="3" type="stmt"/>
        <line num="202" count="13" type="cond" truecount="1" falsecount="0"/>
        <line num="203" count="1" type="stmt"/>
        <line num="205" count="1" type="stmt"/>
        <line num="207" count="13" type="cond" truecount="1" falsecount="0"/>
        <line num="208" count="1" type="stmt"/>
        <line num="210" count="1" type="stmt"/>
        <line num="212" count="13" type="cond" truecount="1" falsecount="0"/>
        <line num="213" count="1" type="stmt"/>
        <line num="215" count="1" type="stmt"/>
        <line num="217" count="13" type="cond" truecount="1" falsecount="0"/>
        <line num="218" count="3" type="stmt"/>
        <line num="219" count="13" type="stmt"/>
        <line num="220" count="13" type="stmt"/>
        <line num="222" count="1" type="cond" truecount="1" falsecount="0"/>
        <line num="223" count="58" type="cond" truecount="2" falsecount="0"/>
        <line num="224" count="58" type="stmt"/>
        <line num="226" count="1" type="cond" truecount="1" falsecount="0"/>
        <line num="227" count="58" type="stmt"/>
        <line num="228" count="58" type="stmt"/>
        <line num="229" count="58" type="cond" truecount="0" falsecount="1"/>
        <line num="230" count="0" type="stmt"/>
        <line num="231" count="0" type="stmt"/>
        <line num="232" count="58" type="stmt"/>
        <line num="235" count="1" type="cond" truecount="1" falsecount="0"/>
        <line num="236" count="1" type="cond" truecount="1" falsecount="0"/>
        <line num="237" count="12" type="cond" truecount="1" falsecount="0"/>
        <line num="238" count="56" type="stmt"/>
        <line num="239" count="56" type="stmt"/>
        <line num="240" count="12" type="stmt"/>
        <line num="242" count="1" type="stmt"/>
        <line num="243" count="1" type="stmt"/>
        <line num="245" count="1" type="cond" truecount="1" falsecount="0"/>
        <line num="246" count="5" type="stmt"/>
        <line num="247" count="5" type="stmt"/>
        <line num="249" count="5" type="cond" truecount="1" falsecount="0"/>
        <line num="250" count="12" type="cond" truecount="1" falsecount="0"/>
        <line num="251" count="56" type="stmt"/>
        <line num="252" count="56" type="stmt"/>
        <line num="253" count="56" type="cond" truecount="0" falsecount="1"/>
        <line num="255" count="56" type="stmt"/>
        <line num="256" count="56" type="stmt"/>
        <line num="257" count="12" type="stmt"/>
        <line num="259" count="5" type="stmt"/>
        <line num="260" count="5" type="stmt"/>
        <line num="262" count="1" type="cond" truecount="1" falsecount="0"/>
        <line num="263" count="4" type="stmt"/>
        <line num="264" count="4" type="stmt"/>
        <line num="266" count="1" type="stmt"/>
        <line num="267" count="0" type="stmt"/>
        <line num="269" count="0" type="stmt"/>
        <line num="270" count="0" type="stmt"/>
        <line num="271" count="0" type="stmt"/>
        <line num="272" count="0" type="stmt"/>
        <line num="273" count="1" type="stmt"/>
        <line num="275" count="13" type="cond" truecount="1" falsecount="0"/>
        <line num="276" count="13" type="stmt"/>
        <line num="279" count="13" type="stmt"/>
        <line num="283" count="13" type="stmt"/>
        <line num="372" count="13" type="stmt"/>
        <line num="638" count="13" type="stmt"/>
        <line num="640" count="13" type="cond" truecount="1" falsecount="0"/>
        <line num="641" count="13" type="stmt"/>
        <line num="642" count="13" type="stmt"/>
        <line num="644" count="13" type="cond" truecount="1" falsecount="0"/>
        <line num="645" count="416" type="stmt"/>
        <line num="646" count="416" type="stmt"/>
        <line num="648" count="13" type="stmt"/>
        <line num="649" count="13" type="stmt"/>
      </file>
    </package>
  </project>
</coverage>
